 Found in ./core-components.rst on line 0
 Found in ./common-tasks-with-cakephp/debugging/using-the-debugger-class.rst on line 0
 Found in ./common-tasks-with-cakephp/rest/the-simple-setup.rst on line 0
 Found in ./common-tasks-with-cakephp/rest/custom-rest-routing.rst on line 0
 Found in ./common-tasks-with-cakephp/pagination/ajax-pagination.rst on line 0
 Found in ./common-tasks-with-cakephp/pagination/custom-query-pagination.rst on line 0
 Found in ./common-tasks-with-cakephp/pagination/controller-setup.rst on line 0
 Found in ./common-tasks-with-cakephp/pagination/pagination-in-views.rst on line 0
 Found in ./common-tasks-with-cakephp/logging/error-logging.rst on line 0
 Found in ./common-tasks-with-cakephp/logging/using-the-default-filelog-class.rst on line 0
 Found in ./common-tasks-with-cakephp/logging/writing-to-logs.rst on line 0
 Found in ./common-tasks-with-cakephp/logging/creating-and-configuring-log-streams.rst on line 0
 Found in ./common-tasks-with-cakephp/data-sanitization.rst on line 0
 Found in ./common-tasks-with-cakephp/data-sanitization/html.rst on line 0
 Found in ./common-tasks-with-cakephp/data-sanitization/clean.rst on line 0
 Found in ./common-tasks-with-cakephp/data-sanitization/paranoid.rst on line 0
 Found in ./common-tasks-with-cakephp/testing/preparing-test-data.rst on line 0
 Found in ./common-tasks-with-cakephp/testing/miscellaneous.rst on line 0
 Found in ./common-tasks-with-cakephp/testing/web-testing-testing-views.rst on line 0
 Found in ./common-tasks-with-cakephp/testing/testing-components.rst on line 0
 Found in ./common-tasks-with-cakephp/testing/testing-helpers.rst on line 0
 Found in ./common-tasks-with-cakephp/testing/testing-plugins.rst on line 0
 Found in ./common-tasks-with-cakephp/testing/preparing-for-testing.rst on line 0
 Found in ./common-tasks-with-cakephp/testing/testing-controllers.rst on line 0
 Found in ./common-tasks-with-cakephp/testing/testing-models.rst on line 0
 Found in ./common-tasks-with-cakephp/data-validation.rst on line 0
 Found in ./common-tasks-with-cakephp/data-validation/one-rule-per-field.rst on line 0
 Found in ./common-tasks-with-cakephp/data-validation/custom-validation-rules.rst on line 0
 Found in ./common-tasks-with-cakephp/data-validation/core-validation-rules.rst on line 0
 Found in ./common-tasks-with-cakephp/data-validation/validating-data-from-the-controller.rst on line 0
 Found in ./common-tasks-with-cakephp/data-validation/multiple-rules-per-field.rst on line 0
 Found in ./common-tasks-with-cakephp/data-validation/simple-rules.rst on line 0
 Found in ./common-tasks-with-cakephp/internationalization-and-localization/internationalizing-your-application.rst on line 0
 Found in ./common-tasks-with-cakephp/internationalization-and-localization/localization-in-cakephp.rst on line 0
 Found in ./common-tasks-with-cakephp/error-handling.rst on line 0
 Found in ./appendices/new-features-in-cakephp-1-3.rst on line 0
 Found in ./appendices/migrating-from-cakephp-1-2-to-1-3.rst on line 0
 Found in ./core-utility-libraries/cache/cache-read.rst on line 0
 Found in ./core-utility-libraries/cache/cache-config.rst on line 0
 Found in ./core-utility-libraries/cache/cache-write.rst on line 0
 Found in ./core-utility-libraries/cache/cache-set.rst on line 0
 Found in ./core-utility-libraries/string/cleaninsert.rst on line 0
 Found in ./core-utility-libraries/string/insert.rst on line 0
 Found in ./core-utility-libraries/string/uuid.rst on line 0
 Found in ./core-utility-libraries/set/reverse.rst on line 0
 Found in ./core-utility-libraries/set/extract.rst on line 0
 Found in ./core-utility-libraries/set/enum.rst on line 0
 Found in ./core-utility-libraries/set/map.rst on line 0
 Found in ./core-utility-libraries/set/numeric.rst on line 0
 Found in ./core-utility-libraries/set/sort.rst on line 0
 Found in ./core-utility-libraries/set/classicextract.rst on line 0
 Found in ./core-utility-libraries/set/merge.rst on line 0
 Found in ./core-utility-libraries/set/normalize.rst on line 0
 Found in ./core-utility-libraries/set/insert.rst on line 0
 Found in ./core-utility-libraries/set/filter.rst on line 0
 Found in ./core-utility-libraries/set/diff.rst on line 0
 Found in ./core-utility-libraries/set/contains.rst on line 0
 Found in ./core-utility-libraries/set/pushdiff.rst on line 0
 Found in ./core-utility-libraries/set/format.rst on line 0
 Found in ./core-utility-libraries/set/combine.rst on line 0
 Found in ./core-utility-libraries/set/matches.rst on line 0
 Found in ./core-utility-libraries/set/countdim.rst on line 0
 Found in ./core-utility-libraries/set/check.rst on line 0
 Found in ./core-utility-libraries/set/remove.rst on line 0
 Found in ./core-utility-libraries/set/set-compatible-path-syntax.rst on line 0
 Found in ./core-utility-libraries/httpsocket/post.rst on line 0
 Found in ./core-utility-libraries/httpsocket/get.rst on line 0
 Found in ./core-utility-libraries/httpsocket/request.rst on line 0
 Found in ./core-utility-libraries/xml/xml-parsing.rst on line 0
 Found in ./core-utility-libraries/app.rst on line 0
 Found in ./core-behaviors/tree/basic-usage.rst on line 0
 Found in ./core-behaviors/tree/data-integrity.rst on line 0
 Found in ./core-behaviors/tree/advanced-usage.rst on line 0
 Found in ./core-behaviors/acl.rst on line 0
 Found in ./core-behaviors/acl/using-the-aclbehavior.rst on line 0
 Found in ./core-behaviors/acl/node.rst on line 0
 Found in ./core-behaviors/containable/using-containable-with-pagination.rst on line 0
 Found in ./core-behaviors/translate/retrieve-all-translation-records-for-a-field.rst on line 0
 Found in ./core-behaviors/translate/defining-the-fields.rst on line 0
 Found in ./core-behaviors/translate/initializing-the-i18n-database-tables.rst on line 0
 Found in ./core-behaviors/translate/attaching-the-translate-behavior-to-your-models.rst on line 0
 Found in ./core-behaviors/translate/saving-in-another-language.rst on line 0
 Found in ./core-behaviors/translate/multiple-translation-tables.rst on line 0
 Found in ./core-behaviors/containable.rst on line 0
 Found in ./developing-with-cakephp/controllers.rst on line 0
 Found in ./developing-with-cakephp/models/saving-your-data.rst on line 0
 Found in ./developing-with-cakephp/models/virtual-fields.rst on line 0
 Found in ./developing-with-cakephp/models/transactions.rst on line 0
 Found in ./developing-with-cakephp/models/retrieving-your-data.rst on line 0
 Found in ./developing-with-cakephp/models/callback-methods.rst on line 0
 Found in ./developing-with-cakephp/models/creating-database-tables.rst on line 0
 Found in ./developing-with-cakephp/models/understanding-models.rst on line 0
 Found in ./developing-with-cakephp/models/model-attributes.rst on line 0
 Found in ./developing-with-cakephp/models/additional-methods-and-properties.rst on line 0
 Found in ./developing-with-cakephp/installation/advanced-installation.rst on line 0
 Found in ./developing-with-cakephp/installation/pretty-urls-on-nginx.rst on line 0
 Found in ./developing-with-cakephp/installation/fire-it-up.rst on line 0
 Found in ./developing-with-cakephp/installation/apache-and-mod_rewrite-and-htaccess.rst on line 0
 Found in ./developing-with-cakephp/installation/pretty-urls-and-lighttpd.rst on line 0
 Found in ./developing-with-cakephp/views/view-methods.rst on line 0
 Found in ./developing-with-cakephp/views/elements.rst on line 0
 Found in ./developing-with-cakephp/views/themes.rst on line 0
 Found in ./developing-with-cakephp/views/media-views.rst on line 0
 Found in ./developing-with-cakephp/views/layouts.rst on line 0
 Found in ./developing-with-cakephp/scaffolding/creating-a-simple-admin-interface-with-scaffolding.rst on line 0
 Found in ./developing-with-cakephp/components/configuring-components.rst on line 0
 Found in ./developing-with-cakephp/components/creating-components.rst on line 0
 Found in ./developing-with-cakephp/plugins/plugin-assets.rst on line 0
 Found in ./developing-with-cakephp/plugins/plugin-models.rst on line 0
 Found in ./developing-with-cakephp/plugins/plugin-controllers.rst on line 0
 Found in ./developing-with-cakephp/plugins/creating-a-plugin.rst on line 0
 Found in ./developing-with-cakephp/plugins/plugin-views.rst on line 0
 Found in ./developing-with-cakephp/plugins/components,-helpers-and-behaviors.rst on line 0
 Found in ./developing-with-cakephp/configuration/the-configuration-class.rst on line 0
 Found in ./developing-with-cakephp/configuration/inflections.rst on line 0
 Found in ./developing-with-cakephp/configuration/the-app-class.rst on line 0
 Found in ./developing-with-cakephp/configuration/routes-configuration.rst on line 0
 Found in ./developing-with-cakephp/configuration/database-configuration.rst on line 0
 Found in ./developing-with-cakephp/controllers/the-app-controller.rst on line 0
 Found in ./developing-with-cakephp/controllers/controller-methods.rst on line 0
 Found in ./developing-with-cakephp/controllers/controller-attributes.rst on line 0
 Found in ./developing-with-cakephp/scaffolding.rst on line 0
 Found in ./developing-with-cakephp/behaviors/using-behaviors.rst on line 0
 Found in ./developing-with-cakephp/behaviors/creating-behaviors.rst on line 0
 Found in ./developing-with-cakephp/behaviors/creating-behavior-methods.rst on line 0
 Found in ./developing-with-cakephp/helpers/using-helpers.rst on line 0
 Found in ./developing-with-cakephp/helpers/creating-helpers.rst on line 0
 Found in ./developing-with-cakephp/helpers/creating-functionality-for-all-helpers.rst on line 0
 Found in ./developing-with-cakephp/datasources/plugin-datasources-and-datasource-drivers.rst on line 0
 Found in ./developing-with-cakephp/datasources/an-example.rst on line 0
 Found in ./developing-with-cakephp/global-constants-and-functions/global-functions.rst on line 0
 Found in ./developing-with-cakephp/the-cakephp-console/creating-shells-and-tasks.rst on line 0
 Found in ./core-helpers/form/file-fields.rst on line 0
 Found in ./core-helpers/form/1-3-improvements.rst on line 0
 Found in ./core-helpers/form/automagic-form-elements.rst on line 0
 Found in ./core-helpers/form/creating-forms.rst on line 0
 Found in ./core-helpers/form/form-element-specific-methods.rst on line 0
 Found in ./core-helpers/form/closing-the-form.rst on line 0
 Found in ./core-helpers/text.rst on line 0
 Found in ./core-helpers/cache/marking-non-cached-content-in-views.rst on line 0
 Found in ./core-helpers/cache/caching-in-the-controller.rst on line 0
 Found in ./core-helpers/html/creating-breadcrumb-trails-with-htmlhelper.rst on line 0
 Found in ./core-helpers/html/inserting-well-formatted-elements.rst on line 0
 Found in ./core-helpers/html/changing-the-tags-output-by-htmlhelper.rst on line 0
 Found in ./core-helpers/html.rst on line 0
 Found in ./core-helpers/paginator/methods.rst on line 0
 Found in ./core-helpers/xml/header.rst on line 0
 Found in ./core-helpers/xml/elem.rst on line 0
 Found in ./core-helpers/xml/serialize.rst on line 0
 Found in ./core-helpers/ajax.rst on line 0
 Found in ./core-helpers/js/ajax-pagination.rst on line 0
 Found in ./core-helpers/js/methods.rst on line 0
 Found in ./core-helpers/js/using-a-specific-javascript-engine.rst on line 0
 Found in ./core-helpers/js/javascript-engine-usage.rst on line 0
 Found in ./core-helpers/ajax/methods.rst on line 0
 Found in ./core-helpers/number/topercentage.rst on line 0
 Found in ./core-helpers/number/currency.rst on line 0
 Found in ./core-helpers/number/format.rst on line 0
 Found in ./core-helpers/number/precision.rst on line 0
 Found in ./core-helpers/number/toreadablesize.rst on line 0
 Found in ./core-helpers/rss/creating-an-rss-feed-with-the-rsshelper.rst on line 0
 Found in ./core-helpers/session/flash.rst on line 0
 Found in ./core-helpers/session.rst on line 0
 Found in ./core-components/sessions.rst on line 0
 Found in ./core-components/cookies/using-the-component.rst on line 0
 Found in ./core-components/cookies/controller-setup.rst on line 0
 Found in ./core-components/authentication/displaying-auth-error-messages.rst on line 0
 Found in ./core-components/authentication/authcomponent-methods.rst on line 0
 Found in ./core-components/authentication/troubleshooting-auth-problems.rst on line 0
 Found in ./core-components/authentication/setting-auth-component-variables.rst on line 0
 Found in ./core-components/authentication/change-hash-function.rst on line 0
 Found in ./core-components/authentication/authcomponent-variables.rst on line 0
 Found in ./core-components/request-handling/obtaining-request-information.rst on line 0
 Found in ./core-components/sessions/methods.rst on line 0
 Found in ./core-components/email/sending-a-message-using-smtp.rst on line 0
 Found in ./core-components/email/sending-a-basic-message.rst on line 0
 Found in ./core-components/email/class-attributes-and-variables.rst on line 0
 Found in ./core-components/access-control-lists/defining-permissions-cake-039-s-ini-based-acl.rst on line 0
 Found in ./core-components/access-control-lists/defining-permissions-cake-039-s-database-acl.rst on line 0
 Found in ./core-components/request-handling.rst on line 0
 Found in ./core-components/security-component/usage.rst on line 0
 Found in ./core-components/security-component/basic-http-authentication.rst on line 0
 Found in ./core-components/authentication.rst on line 0
 Found in ./tutorials-and-examples/blog/adding-posts.rst on line 0
 Found in ./tutorials-and-examples/blog/create-a-posts-controller.rst on line 0
 Found in ./tutorials-and-examples/blog/creating-post-views.rst on line 0
 Found in ./tutorials-and-examples/blog/a-note-on-mod_rewrite.rst on line 0
 Found in ./tutorials-and-examples/blog/deleting-posts.rst on line 0
 Found in ./tutorials-and-examples/blog/creating-the-blog-database.rst on line 0
 Found in ./tutorials-and-examples/blog/optional-configuration.rst on line 0
 Found in ./tutorials-and-examples/blog/routes.rst on line 0
 Found in ./tutorials-and-examples/blog/data-validation.rst on line 0
 Found in ./tutorials-and-examples/blog/getting-cake.rst on line 0
 Found in ./tutorials-and-examples/blog/cake-database-configuration.rst on line 0
 Found in ./tutorials-and-examples/blog/editing-posts.rst on line 0
 Found in ./tutorials-and-examples/blog/create-a-post-model.rst on line 0
 Found in ./tutorials-and-examples/simple-acl-controlled-application/creating-acos-access-control-objects.rst on line 0
 Found in ./tutorials-and-examples/simple-acl-controlled-application/logout.rst on line 0
 Found in ./tutorials-and-examples/simple-acl-controlled-application/setting-up-permissions.rst on line 0
 Found in ./tutorials-and-examples/simple-acl-controlled-application/logging-in.rst on line 0
 Found in ./tutorials-and-examples/simple-acl-controlled-application/acts-as-a-requester.rst on line 0
 Found in ./tutorials-and-examples/simple-acl-controlled-application/an-automated-tool-for-creating-acos.rst on line 0
 Found in ./tutorials-and-examples/simple-acl-controlled-application/preparing-to-add-auth.rst on line 0
 Found in ./basic-principles-of-cakephp/cakephp-structure/application-extensions.rst on line 0
 Found in ./basic-principles-of-cakephp/cakephp-conventions/controller-conventions.rst on line 0
 Found in ./core-console-applications/modify-default-html-produced-by-quot-baked-quot-templates.rst on line 0
 Found in ./core-console-applications/code-generation-with-bake/bake-improvements-in-1-3.rst on line 0
 Found in ./beginning-with-cakephp/where-to-get-help.rst on line 0
